[    14.588] (--) Log file renamed from "/home/chris/.local/share/xorg/Xorg.pid-1447.log" to "/home/chris/.local/share/xorg/Xorg.0.log"
[    14.589] 
X.Org X Server 1.20.4
X Protocol Version 11, Revision 0
[    14.589] Build Operating System: Linux 4.4.0-143-generic x86_64 Ubuntu
[    14.589] Current Operating System: Linux chris-MacBookPro 5.0.0-13-generic #14-Ubuntu SMP Mon Apr 15 14:59:14 UTC 2019 x86_64
[    14.589] Kernel command line: BOOT_IMAGE=/boot/vmlinuz-5.0.0-13-generic root=UUID=a41dd69c-7ad9-418d-a1b1-c17dd6fed73a ro quiet splash vt.handoff=1
[    14.589] Build Date: 03 April 2019  09:03:57AM
[    14.589] xorg-server 2:1.20.4-1ubuntu3 (For technical support please see http://www.ubuntu.com/support) 
[    14.589] Current version of pixman: 0.36.0
[    14.589] 	Before reporting problems, check http://wiki.x.org
	to make sure that you have the latest version.
[    14.589] Markers: (--) probed, (**) from config file, (==) default setting,
	(++) from command line, (!!) notice, (II) informational,
	(WW) warning, (EE) error, (NI) not implemented, (??) unknown.
[    14.589] (==) Log file: "/home/chris/.local/share/xorg/Xorg.0.log", Time: Tue Apr 30 15:01:40 2019
[    14.589] (==) Using system config directory "/usr/share/X11/xorg.conf.d"
[    14.590] (==) No Layout section.  Using the first Screen section.
[    14.590] (==) No screen section available. Using defaults.
[    14.590] (**) |-->Screen "Default Screen Section" (0)
[    14.590] (**) |   |-->Monitor "<default monitor>"
[    14.590] (==) No monitor specified for screen "Default Screen Section".
	Using a default monitor configuration.
[    14.590] (==) Automatically adding devices
[    14.590] (==) Automatically enabling devices
[    14.590] (==) Automatically adding GPU devices
[    14.590] (==) Automatically binding GPU devices
[    14.591] (==) Max clients allowed: 256, resource mask: 0x1fffff
[    14.591] (WW) The directory "/usr/share/fonts/X11/cyrillic" does not exist.
[    14.591] 	Entry deleted from font path.
[    14.591] (WW) The directory "/usr/share/fonts/X11/100dpi/" does not exist.
[    14.591] 	Entry deleted from font path.
[    14.591] (WW) The directory "/usr/share/fonts/X11/75dpi/" does not exist.
[    14.591] 	Entry deleted from font path.
[    14.591] (WW) The directory "/usr/share/fonts/X11/100dpi" does not exist.
[    14.591] 	Entry deleted from font path.
[    14.591] (WW) The directory "/usr/share/fonts/X11/75dpi" does not exist.
[    14.591] 	Entry deleted from font path.
[    14.591] (==) FontPath set to:
	/usr/share/fonts/X11/misc,
	/usr/share/fonts/X11/Type1,
	built-ins
[    14.591] (==) ModulePath set to "/usr/lib/xorg/modules"
[    14.591] (II) The server relies on udev to provide the list of input devices.
	If no devices become available, reconfigure udev or disable AutoAddDevices.
[    14.591] (II) Loader magic: 0x55d86168b020
[    14.591] (II) Module ABI versions:
[    14.591] 	X.Org ANSI C Emulation: 0.4
[    14.591] 	X.Org Video Driver: 24.0
[    14.591] 	X.Org XInput driver : 24.1
[    14.591] 	X.Org Server Extension : 10.0
[    14.591] (++) using VT number 2

[    14.593] (II) systemd-logind: took control of session /org/freedesktop/login1/session/_32
[    14.594] (II) xfree86: Adding drm device (/dev/dri/card0)
[    14.594] (II) systemd-logind: got fd for /dev/dri/card0 226:0 fd 12 paused 0
[    14.597] (--) PCI:*(0@0:2:0) 8086:0d26:106b:0147 rev 8, Mem @ 0xa0000000/4194304, 0x90000000/268435456, I/O @ 0x00003000/64, BIOS @ 0x????????/131072
[    14.597] (II) LoadModule: "glx"
[    14.598] (II) Loading /usr/lib/xorg/modules/extensions/libglx.so
[    14.599] (II) Module glx: vendor="X.Org Foundation"
[    14.599] 	compiled for 1.20.4, module version = 1.0.0
[    14.599] 	ABI class: X.Org Server Extension, version 10.0
[    14.599] (==) Matched modesetting as autoconfigured driver 0
[    14.599] (==) Matched fbdev as autoconfigured driver 1
[    14.600] (==) Matched vesa as autoconfigured driver 2
[    14.600] (==) Assigned the driver to the xf86ConfigLayout
[    14.600] (II) LoadModule: "modesetting"
[    14.600] (II) Loading /usr/lib/xorg/modules/drivers/modesetting_drv.so
[    14.600] (II) Module modesetting: vendor="X.Org Foundation"
[    14.600] 	compiled for 1.20.4, module version = 1.20.4
[    14.600] 	Module class: X.Org Video Driver
[    14.600] 	ABI class: X.Org Video Driver, version 24.0
[    14.600] (II) LoadModule: "fbdev"
[    14.600] (II) Loading /usr/lib/xorg/modules/drivers/fbdev_drv.so
[    14.601] (II) Module fbdev: vendor="X.Org Foundation"
[    14.601] 	compiled for 1.20.1, module version = 0.5.0
[    14.601] 	Module class: X.Org Video Driver
[    14.601] 	ABI class: X.Org Video Driver, version 24.0
[    14.601] (II) LoadModule: "vesa"
[    14.601] (II) Loading /usr/lib/xorg/modules/drivers/vesa_drv.so
[    14.601] (II) Module vesa: vendor="X.Org Foundation"
[    14.601] 	compiled for 1.20.4, module version = 2.4.0
[    14.601] 	Module class: X.Org Video Driver
[    14.601] 	ABI class: X.Org Video Driver, version 24.0
[    14.601] (II) modesetting: Driver for Modesetting Kernel Drivers: kms
[    14.601] (II) FBDEV: driver for framebuffer: fbdev
[    14.601] (II) VESA: driver for VESA chipsets: vesa
[    14.601] xf86EnableIOPorts: failed to set IOPL for I/O (Operation not permitted)
[    14.601] (II) modeset(0): using drv /dev/dri/card0
[    14.601] (WW) Falling back to old probe method for fbdev
[    14.601] (II) Loading sub module "fbdevhw"
[    14.601] (II) LoadModule: "fbdevhw"
[    14.601] (II) Loading /usr/lib/xorg/modules/libfbdevhw.so
[    14.602] (II) Module fbdevhw: vendor="X.Org Foundation"
[    14.602] 	compiled for 1.20.4, module version = 0.0.2
[    14.602] 	ABI class: X.Org Video Driver, version 24.0
[    14.602] (EE) open /dev/fb0: Permission denied
[    14.602] (WW) VGA arbiter: cannot open kernel arbiter, no multi-card support
[    14.602] (II) modeset(0): Creating default Display subsection in Screen section
	"Default Screen Section" for depth/fbbpp 24/32
[    14.602] (==) modeset(0): Depth 24, (==) framebuffer bpp 32
[    14.602] (==) modeset(0): RGB weight 888
[    14.602] (==) modeset(0): Default visual is TrueColor
[    14.602] (II) Loading sub module "glamoregl"
[    14.602] (II) LoadModule: "glamoregl"
[    14.602] (II) Loading /usr/lib/xorg/modules/libglamoregl.so
[    14.605] (II) Module glamoregl: vendor="X.Org Foundation"
[    14.605] 	compiled for 1.20.4, module version = 1.0.1
[    14.605] 	ABI class: X.Org ANSI C Emulation, version 0.4
[    14.618] (II) modeset(0): glamor X acceleration enabled on Mesa DRI Intel(R) Haswell Mobile 
[    14.618] (II) modeset(0): glamor initialized
[    14.619] (II) modeset(0): Output eDP-1 has no monitor section
[    14.619] (II) modeset(0): Output DP-1 has no monitor section
[    14.621] (II) modeset(0): Output HDMI-1 has no monitor section
[    14.621] (II) modeset(0): Output DP-2 has no monitor section
[    14.623] (II) modeset(0): Output HDMI-2 has no monitor section
[    14.625] (II) modeset(0): Output HDMI-3 has no monitor section
[    14.629] (II) modeset(0): EDID for output eDP-1
[    14.629] (II) modeset(0): Manufacturer: APP  Model: a02e  Serial#: 0
[    14.629] (II) modeset(0): Year: 2015  Week: 4
[    14.629] (II) modeset(0): EDID Version: 1.4
[    14.629] (II) modeset(0): Digital Display Input
[    14.629] (II) modeset(0): 8 bits per channel
[    14.629] (II) modeset(0): Digital interface is DisplayPort
[    14.629] (II) modeset(0): Max Image Size [cm]: horiz.: 33  vert.: 21
[    14.629] (II) modeset(0): Gamma: 2.20
[    14.629] (II) modeset(0): No DPMS capabilities specified
[    14.630] (II) modeset(0): Supported color encodings: RGB 4:4:4 
[    14.630] (II) modeset(0): First detailed timing is preferred mode
[    14.630] (II) modeset(0): Preferred mode is native pixel format and refresh rate
[    14.630] (II) modeset(0): redX: 0.653 redY: 0.334   greenX: 0.300 greenY: 0.620
[    14.630] (II) modeset(0): blueX: 0.146 blueY: 0.050   whiteX: 0.312 whiteY: 0.329
[    14.630] (II) modeset(0): Manufacturer's mask: 0
[    14.630] (II) modeset(0): Supported detailed timing:
[    14.630] (II) modeset(0): clock: 337.8 MHz   Image Size:  331 x 207 mm
[    14.630] (II) modeset(0): h_active: 2880  h_sync: 2928  h_sync_end 2960 h_blank_end 3040 h_border: 0
[    14.630] (II) modeset(0): v_active: 1800  v_sync: 1803  v_sync_end 1809 v_blanking: 1852 v_border: 0
[    14.630] (II) modeset(0): Monitor name: Color LCD
[    14.630] (II) modeset(0): EDID (in hex):
[    14.630] (II) modeset(0): 	00ffffffffffff0006102ea000000000
[    14.630] (II) modeset(0): 	04190104a5211578026fb1a7554c9e25
[    14.630] (II) modeset(0): 	0c505400000001010101010101010101
[    14.630] (II) modeset(0): 	010101010101ef8340a0b00834703020
[    14.630] (II) modeset(0): 	36004bcf1000001a000000fc00436f6c
[    14.630] (II) modeset(0): 	6f72204c43440a202020000000100000
[    14.630] (II) modeset(0): 	00000000000000000000000000000010
[    14.630] (II) modeset(0): 	000000000000000000000000000000d0
[    14.630] (II) modeset(0): Printing probed modes for output eDP-1
[    14.630] (II) modeset(0): Modeline "2880x1800"x60.0  337.75  2880 2928 2960 3040  1800 1803 1809 1852 +hsync -vsync (111.1 kHz eP)
[    14.630] (II) modeset(0): Modeline "2880x1620"x60.0  396.25  2880 3096 3408 3936  1620 1623 1628 1679 -hsync +vsync (100.7 kHz d)
[    14.630] (II) modeset(0): Modeline "2880x1620"x60.0  303.75  2880 2928 2960 3040  1620 1623 1628 1666 +hsync -vsync (99.9 kHz d)
[    14.630] (II) modeset(0): Modeline "2560x1600"x60.0  348.50  2560 2760 3032 3504  1600 1603 1609 1658 -hsync +vsync (99.5 kHz d)
[    14.630] (II) modeset(0): Modeline "2560x1600"x60.0  268.50  2560 2608 2640 2720  1600 1603 1609 1646 +hsync -vsync (98.7 kHz d)
[    14.630] (II) modeset(0): Modeline "2560x1440"x120.0  638.25  2560 2780 3064 3568  1440 1441 1444 1491 doublescan -hsync +vsync (178.9 kHz d)
[    14.630] (II) modeset(0): Modeline "2560x1440"x120.0  469.12  2560 2584 2600 2640  1440 1441 1444 1481 doublescan +hsync -vsync (177.7 kHz d)
[    14.630] (II) modeset(0): Modeline "2560x1440"x60.0  312.25  2560 2752 3024 3488  1440 1443 1448 1493 -hsync +vsync (89.5 kHz d)
[    14.630] (II) modeset(0): Modeline "2560x1440"x60.0  241.50  2560 2608 2640 2720  1440 1443 1448 1481 +hsync -vsync (88.8 kHz d)
[    14.630] (II) modeset(0): Modeline "2048x1536"x60.0  266.95  2048 2200 2424 2800  1536 1537 1540 1589 -hsync +vsync (95.3 kHz d)
[    14.630] (II) modeset(0): Modeline "1920x1440"x60.0  234.00  1920 2048 2256 2600  1440 1441 1444 1500 -hsync +vsync (90.0 kHz d)
[    14.630] (II) modeset(0): Modeline "1856x1392"x60.0  218.30  1856 1952 2176 2528  1392 1393 1396 1439 -hsync +vsync (86.4 kHz d)
[    14.630] (II) modeset(0): Modeline "1792x1344"x60.0  204.80  1792 1920 2120 2448  1344 1345 1348 1394 -hsync +vsync (83.7 kHz d)
[    14.630] (II) modeset(0): Modeline "2048x1152"x120.0  406.50  2048 2220 2444 2840  1152 1153 1156 1193 doublescan -hsync +vsync (143.1 kHz d)
[    14.630] (II) modeset(0): Modeline "2048x1152"x120.0  302.50  2048 2072 2088 2128  1152 1153 1156 1185 doublescan +hsync -vsync (142.2 kHz d)
[    14.630] (II) modeset(0): Modeline "2048x1152"x59.9  197.00  2048 2184 2400 2752  1152 1155 1160 1195 -hsync +vsync (71.6 kHz d)
[    14.630] (II) modeset(0): Modeline "2048x1152"x59.9  156.75  2048 2096 2128 2208  1152 1155 1160 1185 +hsync -vsync (71.0 kHz d)
[    14.630] (II) modeset(0): Modeline "1920x1200"x59.9  193.25  1920 2056 2256 2592  1200 1203 1209 1245 -hsync +vsync (74.6 kHz d)
[    14.630] (II) modeset(0): Modeline "1920x1200"x60.0  154.00  1920 1968 2000 2080  1200 1203 1209 1235 +hsync -vsync (74.0 kHz d)
[    14.630] (II) modeset(0): Modeline "1920x1080"x120.0  356.38  1920 2080 2288 2656  1080 1081 1084 1118 doublescan -hsync +vsync (134.2 kHz d)
[    14.630] (II) modeset(0): Modeline "1920x1080"x119.9  266.50  1920 1944 1960 2000  1080 1081 1084 1111 doublescan +hsync -vsync (133.2 kHz d)
[    14.630] (II) modeset(0): Modeline "1920x1080"x60.0  173.00  1920 2048 2248 2576  1080 1083 1088 1120 -hsync +vsync (67.2 kHz d)
[    14.630] (II) modeset(0): Modeline "1920x1080"x59.9  138.50  1920 1968 2000 2080  1080 1083 1088 1111 +hsync -vsync (66.6 kHz d)
[    14.630] (II) modeset(0): Modeline "1600x1200"x60.0  162.00  1600 1664 1856 2160  1200 1201 1204 1250 +hsync +vsync (75.0 kHz d)
[    14.630] (II) modeset(0): Modeline "1680x1050"x60.0  146.25  1680 1784 1960 2240  1050 1053 1059 1089 -hsync +vsync (65.3 kHz d)
[    14.630] (II) modeset(0): Modeline "1680x1050"x59.9  119.00  1680 1728 1760 1840  1050 1053 1059 1080 +hsync -vsync (64.7 kHz d)
[    14.630] (II) modeset(0): Modeline "1600x1024"x60.2  103.12  1600 1600 1656 1664  1024 1024 1029 1030 +hsync +vsync (62.0 kHz d)
[    14.630] (II) modeset(0): Modeline "1400x1050"x60.0  122.00  1400 1488 1640 1880  1050 1052 1064 1082 +hsync +vsync (64.9 kHz d)
[    14.630] (II) modeset(0): Modeline "1600x900"x120.0  246.00  1600 1728 1900 2200  900 901 904 932 doublescan -hsync +vsync (111.8 kHz d)
[    14.630] (II) modeset(0): Modeline "1600x900"x119.9  186.50  1600 1624 1640 1680  900 901 904 926 doublescan +hsync -vsync (111.0 kHz d)
[    14.630] (II) modeset(0): Modeline "1600x900"x59.9  118.25  1600 1696 1856 2112  900 903 908 934 -hsync +vsync (56.0 kHz d)
[    14.630] (II) modeset(0): Modeline "1600x900"x59.8   97.50  1600 1648 1680 1760  900 903 908 926 +hsync -vsync (55.4 kHz d)
[    14.630] (II) modeset(0): Modeline "1280x1024"x60.0  108.00  1280 1328 1440 1688  1024 1025 1028 1066 +hsync +vsync (64.0 kHz d)
[    14.630] (II) modeset(0): Modeline "1440x900"x59.9  106.50  1440 1520 1672 1904  900 903 909 934 -hsync +vsync (55.9 kHz d)
[    14.630] (II) modeset(0): Modeline "1400x900"x60.0  103.50  1400 1480 1624 1848  900 903 913 934 -hsync +vsync (56.0 kHz d)
[    14.630] (II) modeset(0): Modeline "1400x900"x59.9   86.50  1400 1448 1480 1560  900 903 913 926 +hsync -vsync (55.4 kHz d)
[    14.630] (II) modeset(0): Modeline "1280x960"x60.0  108.00  1280 1376 1488 1800  960 961 964 1000 +hsync +vsync (60.0 kHz d)
[    14.630] (II) modeset(0): Modeline "1440x810"x120.0  198.12  1440 1548 1704 1968  810 811 814 839 doublescan -hsync +vsync (100.7 kHz d)
[    14.630] (II) modeset(0): Modeline "1440x810"x119.9  151.88  1440 1464 1480 1520  810 811 814 833 doublescan +hsync -vsync (99.9 kHz d)
[    14.630] (II) modeset(0): Modeline "1368x768"x59.9   85.25  1368 1440 1576 1784  768 771 781 798 -hsync +vsync (47.8 kHz d)
[    14.630] (II) modeset(0): Modeline "1368x768"x59.9   72.25  1368 1416 1448 1528  768 771 781 790 +hsync -vsync (47.3 kHz d)
[    14.630] (II) modeset(0): Modeline "1360x768"x59.8   84.75  1360 1432 1568 1776  768 771 781 798 -hsync +vsync (47.7 kHz d)
[    14.630] (II) modeset(0): Modeline "1360x768"x60.0   72.00  1360 1408 1440 1520  768 771 781 790 +hsync -vsync (47.4 kHz d)
[    14.630] (II) modeset(0): Modeline "1280x800"x120.0  174.25  1280 1380 1516 1752  800 801 804 829 doublescan -hsync +vsync (99.5 kHz d)
[    14.630] (II) modeset(0): Modeline "1280x800"x119.9  134.25  1280 1304 1320 1360  800 801 804 823 doublescan +hsync -vsync (98.7 kHz d)
[    14.630] (II) modeset(0): Modeline "1280x800"x59.8   83.50  1280 1352 1480 1680  800 803 809 831 -hsync +vsync (49.7 kHz d)
[    14.630] (II) modeset(0): Modeline "1280x800"x59.9   71.00  1280 1328 1360 1440  800 803 809 823 +hsync -vsync (49.3 kHz d)
[    14.630] (II) modeset(0): Modeline "1152x864"x60.0   81.62  1152 1216 1336 1520  864 865 868 895 -hsync +vsync (53.7 kHz d)
[    14.630] (II) modeset(0): Modeline "1280x720"x120.0  156.12  1280 1376 1512 1744  720 721 724 746 doublescan -hsync +vsync (89.5 kHz d)
[    14.630] (II) modeset(0): Modeline "1280x720"x120.0  120.75  1280 1304 1320 1360  720 721 724 740 doublescan +hsync -vsync (88.8 kHz d)
[    14.630] (II) modeset(0): Modeline "1280x720"x59.9   74.50  1280 1344 1472 1664  720 723 728 748 -hsync +vsync (44.8 kHz d)
[    14.630] (II) modeset(0): Modeline "1280x720"x59.7   63.75  1280 1328 1360 1440  720 723 728 741 +hsync -vsync (44.3 kHz d)
[    14.630] (II) modeset(0): Modeline "1024x768"x120.1  133.47  1024 1100 1212 1400  768 768 770 794 doublescan -hsync +vsync (95.3 kHz d)
[    14.630] (II) modeset(0): Modeline "1024x768"x60.0   65.00  1024 1048 1184 1344  768 771 777 806 -hsync -vsync (48.4 kHz d)
[    14.630] (II) modeset(0): Modeline "960x720"x120.0  117.00  960 1024 1128 1300  720 720 722 750 doublescan -hsync +vsync (90.0 kHz d)
[    14.630] (II) modeset(0): Modeline "928x696"x120.1  109.15  928 976 1088 1264  696 696 698 719 doublescan -hsync +vsync (86.4 kHz d)
[    14.630] (II) modeset(0): Modeline "896x672"x120.0  102.40  896 960 1060 1224  672 672 674 697 doublescan -hsync +vsync (83.7 kHz d)
[    14.631] (II) modeset(0): Modeline "1024x576"x119.9   98.50  1024 1092 1200 1376  576 577 580 597 doublescan -hsync +vsync (71.6 kHz d)
[    14.631] (II) modeset(0): Modeline "1024x576"x119.9   78.38  1024 1048 1064 1104  576 577 580 592 doublescan +hsync -vsync (71.0 kHz d)
[    14.631] (II) modeset(0): Modeline "1024x576"x59.9   46.50  1024 1064 1160 1296  576 579 584 599 -hsync +vsync (35.9 kHz d)
[    14.631] (II) modeset(0): Modeline "1024x576"x59.8   42.00  1024 1072 1104 1184  576 579 584 593 +hsync -vsync (35.5 kHz d)
[    14.631] (II) modeset(0): Modeline "960x600"x119.9   96.62  960 1028 1128 1296  600 601 604 622 doublescan -hsync +vsync (74.6 kHz d)
[    14.631] (II) modeset(0): Modeline "960x600"x120.0   77.00  960 984 1000 1040  600 601 604 617 doublescan +hsync -vsync (74.0 kHz d)
[    14.631] (II) modeset(0): Modeline "960x540"x119.9   86.50  960 1024 1124 1288  540 541 544 560 doublescan -hsync +vsync (67.2 kHz d)
[    14.631] (II) modeset(0): Modeline "960x540"x120.0   69.25  960 984 1000 1040  540 541 544 555 doublescan +hsync -vsync (66.6 kHz d)
[    14.631] (II) modeset(0): Modeline "960x540"x59.6   40.75  960 992 1088 1216  540 543 548 562 -hsync +vsync (33.5 kHz d)
[    14.631] (II) modeset(0): Modeline "960x540"x59.8   37.25  960 1008 1040 1120  540 543 548 556 +hsync -vsync (33.3 kHz d)
[    14.631] (II) modeset(0): Modeline "800x600"x120.0   81.00  800 832 928 1080  600 600 602 625 doublescan +hsync +vsync (75.0 kHz d)
[    14.631] (II) modeset(0): Modeline "800x600"x60.3   40.00  800 840 968 1056  600 601 605 628 +hsync +vsync (37.9 kHz d)
[    14.631] (II) modeset(0): Modeline "800x600"x56.2   36.00  800 824 896 1024  600 601 603 625 +hsync +vsync (35.2 kHz d)
[    14.631] (II) modeset(0): Modeline "840x525"x120.0   73.12  840 892 980 1120  525 526 529 544 doublescan -hsync +vsync (65.3 kHz d)
[    14.631] (II) modeset(0): Modeline "840x525"x119.8   59.50  840 864 880 920  525 526 529 540 doublescan +hsync -vsync (64.7 kHz d)
[    14.631] (II) modeset(0): Modeline "864x486"x59.9   32.50  864 888 968 1072  486 489 494 506 -hsync +vsync (30.3 kHz d)
[    14.631] (II) modeset(0): Modeline "864x486"x59.6   30.50  864 912 944 1024  486 489 494 500 +hsync -vsync (29.8 kHz d)
[    14.631] (II) modeset(0): Modeline "800x512"x120.3   51.56  800 800 828 832  512 512 514 515 doublescan +hsync +vsync (62.0 kHz d)
[    14.631] (II) modeset(0): Modeline "700x525"x120.0   61.00  700 744 820 940  525 526 532 541 doublescan +hsync +vsync (64.9 kHz d)
[    14.631] (II) modeset(0): Modeline "800x450"x119.9   59.12  800 848 928 1056  450 451 454 467 doublescan -hsync +vsync (56.0 kHz d)
[    14.631] (II) modeset(0): Modeline "800x450"x119.6   48.75  800 824 840 880  450 451 454 463 doublescan +hsync -vsync (55.4 kHz d)
[    14.631] (II) modeset(0): Modeline "640x512"x120.0   54.00  640 664 720 844  512 512 514 533 doublescan +hsync +vsync (64.0 kHz d)
[    14.631] (II) modeset(0): Modeline "720x450"x119.8   53.25  720 760 836 952  450 451 454 467 doublescan -hsync +vsync (55.9 kHz d)
[    14.631] (II) modeset(0): Modeline "700x450"x119.9   51.75  700 740 812 924  450 451 456 467 doublescan -hsync +vsync (56.0 kHz d)
[    14.631] (II) modeset(0): Modeline "700x450"x119.8   43.25  700 724 740 780  450 451 456 463 doublescan +hsync -vsync (55.4 kHz d)
[    14.631] (II) modeset(0): Modeline "640x480"x120.0   54.00  640 688 744 900  480 480 482 500 doublescan +hsync +vsync (60.0 kHz d)
[    14.631] (II) modeset(0): Modeline "640x480"x59.9   25.18  640 656 752 800  480 490 492 525 -hsync -vsync (31.5 kHz d)
[    14.631] (II) modeset(0): Modeline "720x405"x59.5   22.50  720 744 808 896  405 408 413 422 -hsync +vsync (25.1 kHz d)
[    14.631] (II) modeset(0): Modeline "720x405"x59.0   21.75  720 768 800 880  405 408 413 419 +hsync -vsync (24.7 kHz d)
[    14.631] (II) modeset(0): Modeline "684x384"x119.8   42.62  684 720 788 892  384 385 390 399 doublescan -hsync +vsync (47.8 kHz d)
[    14.631] (II) modeset(0): Modeline "684x384"x119.7   36.12  684 708 724 764  384 385 390 395 doublescan +hsync -vsync (47.3 kHz d)
[    14.631] (II) modeset(0): Modeline "680x384"x119.6   42.38  680 716 784 888  384 385 390 399 doublescan -hsync +vsync (47.7 kHz d)
[    14.631] (II) modeset(0): Modeline "680x384"x119.9   36.00  680 704 720 760  384 385 390 395 doublescan +hsync -vsync (47.4 kHz d)
[    14.631] (II) modeset(0): Modeline "640x400"x119.8   41.75  640 676 740 840  400 401 404 415 doublescan -hsync +vsync (49.7 kHz d)
[    14.631] (II) modeset(0): Modeline "640x400"x120.0   35.50  640 664 680 720  400 401 404 411 doublescan +hsync -vsync (49.3 kHz d)
[    14.631] (II) modeset(0): Modeline "576x432"x120.1   40.81  576 608 668 760  432 432 434 447 doublescan -hsync +vsync (53.7 kHz d)
[    14.631] (II) modeset(0): Modeline "640x360"x119.7   37.25  640 672 736 832  360 361 364 374 doublescan -hsync +vsync (44.8 kHz d)
[    14.631] (II) modeset(0): Modeline "640x360"x119.7   31.88  640 664 680 720  360 361 364 370 doublescan +hsync -vsync (44.3 kHz d)
[    14.631] (II) modeset(0): Modeline "640x360"x59.8   18.00  640 664 720 800  360 363 368 376 -hsync +vsync (22.5 kHz d)
[    14.631] (II) modeset(0): Modeline "640x360"x59.3   17.75  640 688 720 800  360 363 368 374 +hsync -vsync (22.2 kHz d)
[    14.631] (II) modeset(0): Modeline "512x384"x120.0   32.50  512 524 592 672  384 385 388 403 doublescan -hsync -vsync (48.4 kHz d)
[    14.631] (II) modeset(0): Modeline "512x288"x120.0   23.25  512 532 580 648  288 289 292 299 doublescan -hsync +vsync (35.9 kHz d)
[    14.631] (II) modeset(0): Modeline "512x288"x119.8   21.00  512 536 552 592  288 289 292 296 doublescan +hsync -vsync (35.5 kHz d)
[    14.631] (II) modeset(0): Modeline "480x270"x119.3   20.38  480 496 544 608  270 271 274 281 doublescan -hsync +vsync (33.5 kHz d)
[    14.631] (II) modeset(0): Modeline "480x270"x119.6   18.62  480 504 520 560  270 271 274 278 doublescan +hsync -vsync (33.3 kHz d)
[    14.631] (II) modeset(0): Modeline "400x300"x120.6   20.00  400 420 484 528  300 300 302 314 doublescan +hsync +vsync (37.9 kHz d)
[    14.631] (II) modeset(0): Modeline "400x300"x112.7   18.00  400 412 448 512  300 300 301 312 doublescan +hsync +vsync (35.2 kHz d)
[    14.631] (II) modeset(0): Modeline "432x243"x119.8   16.25  432 444 484 536  243 244 247 253 doublescan -hsync +vsync (30.3 kHz d)
[    14.631] (II) modeset(0): Modeline "432x243"x119.1   15.25  432 456 472 512  243 244 247 250 doublescan +hsync -vsync (29.8 kHz d)
[    14.631] (II) modeset(0): Modeline "320x240"x120.1   12.59  320 328 376 400  240 245 246 262 doublescan -hsync -vsync (31.5 kHz d)
[    14.631] (II) modeset(0): Modeline "360x202"x119.0   11.25  360 372 404 448  202 204 206 211 doublescan -hsync +vsync (25.1 kHz d)
[    14.631] (II) modeset(0): Modeline "360x202"x118.3   10.88  360 384 400 440  202 204 206 209 doublescan +hsync -vsync (24.7 kHz d)
[    14.631] (II) modeset(0): Modeline "320x180"x119.7    9.00  320 332 360 400  180 181 184 188 doublescan -hsync +vsync (22.5 kHz d)
[    14.631] (II) modeset(0): Modeline "320x180"x118.6    8.88  320 344 360 400  180 181 184 187 doublescan +hsync -vsync (22.2 kHz d)
[    14.631] (II) modeset(0): EDID for output DP-1
[    14.633] (II) modeset(0): EDID for output HDMI-1
[    14.633] (II) modeset(0): EDID for output DP-2
[    14.635] (II) modeset(0): EDID for output HDMI-2
[    14.636] (II) modeset(0): EDID for output HDMI-3
[    14.636] (II) modeset(0): Output eDP-1 connected
[    14.636] (II) modeset(0): Output DP-1 disconnected
[    14.636] (II) modeset(0): Output HDMI-1 disconnected
[    14.636] (II) modeset(0): Output DP-2 disconnected
[    14.636] (II) modeset(0): Output HDMI-2 disconnected
[    14.636] (II) modeset(0): Output HDMI-3 disconnected
[    14.636] (II) modeset(0): Using exact sizes for initial modes
[    14.636] (II) modeset(0): Output eDP-1 using initial mode 2880x1800 +0+0
[    14.637] (==) modeset(0): Using gamma correction (1.0, 1.0, 1.0)
[    14.637] (==) modeset(0): DPI set to (96, 96)
[    14.637] (II) Loading sub module "fb"
[    14.637] (II) LoadModule: "fb"
[    14.637] (II) Loading /usr/lib/xorg/modules/libfb.so
[    14.637] (II) Module fb: vendor="X.Org Foundation"
[    14.637] 	compiled for 1.20.4, module version = 1.0.0
[    14.637] 	ABI class: X.Org ANSI C Emulation, version 0.4
[    14.637] (II) UnloadModule: "fbdev"
[    14.637] (II) Unloading fbdev
[    14.637] (II) UnloadSubModule: "fbdevhw"
[    14.638] (II) Unloading fbdevhw
[    14.638] (II) UnloadModule: "vesa"
[    14.638] (II) Unloading vesa
[    14.649] (==) modeset(0): Backing store enabled
[    14.649] (==) modeset(0): Silken mouse enabled
[    14.713] (II) modeset(0): Initializing kms color map for depth 24, 8 bpc.
[    14.713] (==) modeset(0): DPMS enabled
[    14.714] (II) modeset(0): [DRI2] Setup complete
[    14.714] (II) modeset(0): [DRI2]   DRI driver: i965
[    14.714] (II) modeset(0): [DRI2]   VDPAU driver: i965
[    14.714] (II) Initializing extension Generic Event Extension
[    14.715] (II) Initializing extension SHAPE
[    14.715] (II) Initializing extension MIT-SHM
[    14.715] (II) Initializing extension XInputExtension
[    14.717] (II) Initializing extension XTEST
[    14.718] (II) Initializing extension BIG-REQUESTS
[    14.718] (II) Initializing extension SYNC
[    14.718] (II) Initializing extension XKEYBOARD
[    14.718] (II) Initializing extension XC-MISC
[    14.719] (II) Initializing extension SECURITY
[    14.719] (II) Initializing extension XFIXES
[    14.719] (II) Initializing extension RENDER
[    14.719] (II) Initializing extension RANDR
[    14.720] (II) Initializing extension COMPOSITE
[    14.720] (II) Initializing extension DAMAGE
[    14.720] (II) Initializing extension MIT-SCREEN-SAVER
[    14.721] (II) Initializing extension DOUBLE-BUFFER
[    14.721] (II) Initializing extension RECORD
[    14.721] (II) Initializing extension DPMS
[    14.721] (II) Initializing extension Present
[    14.721] (II) Initializing extension DRI3
[    14.721] (II) Initializing extension X-Resource
[    14.722] (II) Initializing extension XVideo
[    14.722] (II) Initializing extension XVideo-MotionCompensation
[    14.722] (II) Initializing extension SELinux
[    14.722] (II) SELinux: Disabled on system
[    14.722] (II) Initializing extension GLX
[    14.728] (II) AIGLX: Loaded and initialized i965
[    14.728] (II) GLX: Initialized DRI2 GL provider for screen 0
[    14.728] (II) Initializing extension XFree86-VidModeExtension
[    14.728] (II) Initializing extension XFree86-DGA
[    14.729] (II) Initializing extension XFree86-DRI
[    14.729] (II) Initializing extension DRI2
[    14.731] (II) modeset(0): Damage tracking initialized
[    14.731] (II) modeset(0): Setting screen physical size to 762 x 476
[    14.763] (II) config/udev: Adding input device Power Button (/dev/input/event3)
[    14.763] (**) Power Button: Applying InputClass "libinput keyboard catchall"
[    14.763] (II) LoadModule: "libinput"
[    14.763] (II) Loading /usr/lib/xorg/modules/input/libinput_drv.so
[    14.765] (II) Module libinput: vendor="X.Org Foundation"
[    14.765] 	compiled for 1.20.4, module version = 0.28.2
[    14.765] 	Module class: X.Org XInput Driver
[    14.765] 	ABI class: X.Org XInput driver, version 24.1
[    14.765] (II) Using input driver 'libinput' for 'Power Button'
[    14.766] (II) systemd-logind: got fd for /dev/input/event3 13:67 fd 21 paused 0
[    14.766] (**) Power Button: always reports core events
[    14.766] (**) Option "Device" "/dev/input/event3"
[    14.766] (**) Option "_source" "server/udev"
[    14.768] (II) event3  - Power Button: is tagged by udev as: Keyboard
[    14.768] (II) event3  - Power Button: device is a keyboard
[    14.768] (II) event3  - Power Button: device removed
[    14.768] (**) Option "config_info" "udev:/sys/devices/LNXSYSTM:00/LNXPWRBN:00/input/input3/event3"
[    14.768] (II) XINPUT: Adding extended input device "Power Button" (type: KEYBOARD, id 6)
[    14.768] (**) Option "xkb_model" "pc105"
[    14.768] (**) Option "xkb_layout" "us"
[    14.769] (II) event3  - Power Button: is tagged by udev as: Keyboard
[    14.769] (II) event3  - Power Button: device is a keyboard
[    14.770] (II) config/udev: Adding input device Video Bus (/dev/input/event11)
[    14.770] (**) Video Bus: Applying InputClass "libinput keyboard catchall"
[    14.770] (II) Using input driver 'libinput' for 'Video Bus'
[    14.770] (II) systemd-logind: got fd for /dev/input/event11 13:75 fd 24 paused 0
[    14.770] (**) Video Bus: always reports core events
[    14.770] (**) Option "Device" "/dev/input/event11"
[    14.770] (**) Option "_source" "server/udev"
[    14.771] (II) event11 - Video Bus: is tagged by udev as: Keyboard
[    14.771] (II) event11 - Video Bus: device is a keyboard
[    14.771] (II) event11 - Video Bus: device removed
[    14.771] (**) Option "config_info" "udev:/sys/devices/LNXSYSTM:00/LNXSYBUS:00/PNP0A08:00/LNXVIDEO:00/input/input11/event11"
[    14.771] (II) XINPUT: Adding extended input device "Video Bus" (type: KEYBOARD, id 7)
[    14.771] (**) Option "xkb_model" "pc105"
[    14.771] (**) Option "xkb_layout" "us"
[    14.772] (II) event11 - Video Bus: is tagged by udev as: Keyboard
[    14.772] (II) event11 - Video Bus: device is a keyboard
[    14.772] (II) config/udev: Adding input device Power Button (/dev/input/event1)
[    14.772] (**) Power Button: Applying InputClass "libinput keyboard catchall"
[    14.772] (II) Using input driver 'libinput' for 'Power Button'
[    14.773] (II) systemd-logind: got fd for /dev/input/event1 13:65 fd 25 paused 0
[    14.773] (**) Power Button: always reports core events
[    14.773] (**) Option "Device" "/dev/input/event1"
[    14.773] (**) Option "_source" "server/udev"
[    14.773] (II) event1  - Power Button: is tagged by udev as: Keyboard
[    14.773] (II) event1  - Power Button: device is a keyboard
[    14.773] (II) event1  - Power Button: device removed
[    14.773] (**) Option "config_info" "udev:/sys/devices/LNXSYSTM:00/LNXSYBUS:00/PNP0C0C:00/input/input1/event1"
[    14.773] (II) XINPUT: Adding extended input device "Power Button" (type: KEYBOARD, id 8)
[    14.773] (**) Option "xkb_model" "pc105"
[    14.773] (**) Option "xkb_layout" "us"
[    14.774] (II) event1  - Power Button: is tagged by udev as: Keyboard
[    14.774] (II) event1  - Power Button: device is a keyboard
[    14.774] (II) config/udev: Adding input device Lid Switch (/dev/input/event0)
[    14.774] (II) No input driver specified, ignoring this device.
[    14.774] (II) This device may have been added with another device file.
[    14.775] (II) config/udev: Adding input device Sleep Button (/dev/input/event2)
[    14.775] (**) Sleep Button: Applying InputClass "libinput keyboard catchall"
[    14.775] (II) Using input driver 'libinput' for 'Sleep Button'
[    14.775] (II) systemd-logind: got fd for /dev/input/event2 13:66 fd 26 paused 0
[    14.775] (**) Sleep Button: always reports core events
[    14.775] (**) Option "Device" "/dev/input/event2"
[    14.775] (**) Option "_source" "server/udev"
[    14.776] (II) event2  - Sleep Button: is tagged by udev as: Keyboard
[    14.776] (II) event2  - Sleep Button: device is a keyboard
[    14.776] (II) event2  - Sleep Button: device removed
[    14.776] (**) Option "config_info" "udev:/sys/devices/LNXSYSTM:00/LNXSYBUS:00/PNP0C0E:00/input/input2/event2"
[    14.776] (II) XINPUT: Adding extended input device "Sleep Button" (type: KEYBOARD, id 9)
[    14.776] (**) Option "xkb_model" "pc105"
[    14.776] (**) Option "xkb_layout" "us"
[    14.777] (II) event2  - Sleep Button: is tagged by udev as: Keyboard
[    14.777] (II) event2  - Sleep Button: device is a keyboard
[    14.777] (II) config/udev: Adding input device HDA Intel HDMI HDMI/DP,pcm=3 (/dev/input/event12)
[    14.777] (II) No input driver specified, ignoring this device.
[    14.777] (II) This device may have been added with another device file.
[    14.777] (II) config/udev: Adding input device HDA Intel HDMI HDMI/DP,pcm=7 (/dev/input/event13)
[    14.777] (II) No input driver specified, ignoring this device.
[    14.778] (II) This device may have been added with another device file.
[    14.778] (II) config/udev: Adding input device HDA Intel HDMI HDMI/DP,pcm=8 (/dev/input/event14)
[    14.778] (II) No input driver specified, ignoring this device.
[    14.778] (II) This device may have been added with another device file.
[    14.778] (II) config/udev: Adding input device HDA Intel HDMI HDMI/DP,pcm=9 (/dev/input/event15)
[    14.778] (II) No input driver specified, ignoring this device.
[    14.778] (II) This device may have been added with another device file.
[    14.778] (II) config/udev: Adding input device HDA Intel HDMI HDMI/DP,pcm=10 (/dev/input/event16)
[    14.778] (II) No input driver specified, ignoring this device.
[    14.778] (II) This device may have been added with another device file.
[    14.779] (II) config/udev: Adding input device Apple Inc. Apple Internal Keyboard / Trackpad (/dev/input/event6)
[    14.779] (**) Apple Inc. Apple Internal Keyboard / Trackpad: Applying InputClass "libinput keyboard catchall"
[    14.779] (II) Using input driver 'libinput' for 'Apple Inc. Apple Internal Keyboard / Trackpad'
[    14.779] (II) systemd-logind: got fd for /dev/input/event6 13:70 fd 27 paused 0
[    14.779] (**) Apple Inc. Apple Internal Keyboard / Trackpad: always reports core events
[    14.779] (**) Option "Device" "/dev/input/event6"
[    14.779] (**) Option "_source" "server/udev"
[    14.780] (II) event6  - Apple Inc. Apple Internal Keyboard / Trackpad: is tagged by udev as: Keyboard
[    14.780] (II) event6  - Apple Inc. Apple Internal Keyboard / Trackpad: device is a keyboard
[    14.781] (II) event6  - Apple Inc. Apple Internal Keyboard / Trackpad: device removed
[    14.781] (**) Option "config_info" "udev:/sys/devices/pci0000:00/0000:00:14.0/usb1/1-12/1-12:1.1/0003:05AC:0274.0004/input/input6/event6"
[    14.781] (II) XINPUT: Adding extended input device "Apple Inc. Apple Internal Keyboard / Trackpad" (type: KEYBOARD, id 10)
[    14.781] (**) Option "xkb_model" "pc105"
[    14.781] (**) Option "xkb_layout" "us"
[    14.782] (II) event6  - Apple Inc. Apple Internal Keyboard / Trackpad: is tagged by udev as: Keyboard
[    14.782] (II) event6  - Apple Inc. Apple Internal Keyboard / Trackpad: device is a keyboard
[    14.783] (II) config/udev: Adding input device bcm5974 (/dev/input/event7)
[    14.783] (**) bcm5974: Applying InputClass "libinput touchpad catchall"
[    14.783] (II) Using input driver 'libinput' for 'bcm5974'
[    14.783] (II) systemd-logind: got fd for /dev/input/event7 13:71 fd 28 paused 0
[    14.783] (**) bcm5974: always reports core events
[    14.783] (**) Option "Device" "/dev/input/event7"
[    14.783] (**) Option "_source" "server/udev"
[    14.784] (II) event7  - bcm5974: is tagged by udev as: Touchpad
[    14.785] (II) event7  - bcm5974: device is a touchpad
[    14.785] (II) event7  - bcm5974: device removed
[    14.785] (**) Option "config_info" "udev:/sys/devices/pci0000:00/0000:00:14.0/usb1/1-12/1-12:1.2/input/input7/event7"
[    14.785] (II) XINPUT: Adding extended input device "bcm5974" (type: TOUCHPAD, id 11)
[    14.786] (**) Option "AccelerationScheme" "none"
[    14.786] (**) bcm5974: (accel) selected scheme none/0
[    14.786] (**) bcm5974: (accel) acceleration factor: 2.000
[    14.786] (**) bcm5974: (accel) acceleration threshold: 4
[    14.786] (II) event7  - bcm5974: is tagged by udev as: Touchpad
[    14.787] (II) event7  - bcm5974: device is a touchpad
[    14.787] (II) config/udev: Adding input device bcm5974 (/dev/input/mouse1)
[    14.787] (II) No input driver specified, ignoring this device.
[    14.787] (II) This device may have been added with another device file.
[    14.788] (II) config/udev: Adding input device Broadcom Corp. Bluetooth USB Host Controller (/dev/input/event4)
[    14.788] (**) Broadcom Corp. Bluetooth USB Host Controller: Applying InputClass "libinput keyboard catchall"
[    14.788] (II) Using input driver 'libinput' for 'Broadcom Corp. Bluetooth USB Host Controller'
[    14.788] (II) systemd-logind: got fd for /dev/input/event4 13:68 fd 29 paused 0
[    14.788] (**) Broadcom Corp. Bluetooth USB Host Controller: always reports core events
[    14.788] (**) Option "Device" "/dev/input/event4"
[    14.788] (**) Option "_source" "server/udev"
[    14.790] (II) event4  - Broadcom Corp. Bluetooth USB Host Controller: is tagged by udev as: Keyboard
[    14.790] (II) event4  - Broadcom Corp. Bluetooth USB Host Controller: device is a keyboard
[    14.790] (II) event4  - Broadcom Corp. Bluetooth USB Host Controller: device removed
[    14.790] (**) Option "config_info" "udev:/sys/devices/pci0000:00/0000:00:14.0/usb1/1-8/1-8:1.0/0003:05AC:8290.0001/input/input4/event4"
[    14.790] (II) XINPUT: Adding extended input device "Broadcom Corp. Bluetooth USB Host Controller" (type: KEYBOARD, id 12)
[    14.790] (**) Option "xkb_model" "pc105"
[    14.790] (**) Option "xkb_layout" "us"
[    14.791] (II) event4  - Broadcom Corp. Bluetooth USB Host Controller: is tagged by udev as: Keyboard
[    14.791] (II) event4  - Broadcom Corp. Bluetooth USB Host Controller: device is a keyboard
[    14.792] (II) config/udev: Adding input device Broadcom Corp. Bluetooth USB Host Controller (/dev/input/event5)
[    14.792] (**) Broadcom Corp. Bluetooth USB Host Controller: Applying InputClass "libinput pointer catchall"
[    14.792] (II) Using input driver 'libinput' for 'Broadcom Corp. Bluetooth USB Host Controller'
[    14.792] (II) systemd-logind: got fd for /dev/input/event5 13:69 fd 30 paused 0
[    14.792] (**) Broadcom Corp. Bluetooth USB Host Controller: always reports core events
[    14.792] (**) Option "Device" "/dev/input/event5"
[    14.792] (**) Option "_source" "server/udev"
[    14.794] (II) event5  - Broadcom Corp. Bluetooth USB Host Controller: is tagged by udev as: Mouse
[    14.794] (II) event5  - Broadcom Corp. Bluetooth USB Host Controller: device is a pointer
[    14.794] (II) event5  - Broadcom Corp. Bluetooth USB Host Controller: device removed
[    14.794] (**) Option "config_info" "udev:/sys/devices/pci0000:00/0000:00:14.0/usb1/1-8/1-8:1.1/0003:05AC:8290.0002/input/input5/event5"
[    14.794] (II) XINPUT: Adding extended input device "Broadcom Corp. Bluetooth USB Host Controller" (type: MOUSE, id 13)
[    14.794] (**) Option "AccelerationScheme" "none"
[    14.794] (**) Broadcom Corp. Bluetooth USB Host Controller: (accel) selected scheme none/0
[    14.794] (**) Broadcom Corp. Bluetooth USB Host Controller: (accel) acceleration factor: 2.000
[    14.794] (**) Broadcom Corp. Bluetooth USB Host Controller: (accel) acceleration threshold: 4
[    14.795] (II) event5  - Broadcom Corp. Bluetooth USB Host Controller: is tagged by udev as: Mouse
[    14.795] (II) event5  - Broadcom Corp. Bluetooth USB Host Controller: device is a pointer
[    14.796] (II) config/udev: Adding input device Broadcom Corp. Bluetooth USB Host Controller (/dev/input/mouse0)
[    14.796] (II) No input driver specified, ignoring this device.
[    14.796] (II) This device may have been added with another device file.
[    14.796] (II) config/udev: Adding input device HDA Intel PCH SPDIF (/dev/input/event10)
[    14.796] (II) No input driver specified, ignoring this device.
[    14.796] (II) This device may have been added with another device file.
[    14.796] (II) config/udev: Adding input device HDA Intel PCH Mic (/dev/input/event8)
[    14.796] (II) No input driver specified, ignoring this device.
[    14.796] (II) This device may have been added with another device file.
[    14.797] (II) config/udev: Adding input device HDA Intel PCH Headphone (/dev/input/event9)
[    14.797] (II) No input driver specified, ignoring this device.
[    14.797] (II) This device may have been added with another device file.
[    16.007] (II) modeset(0): EDID vendor "APP", prod id 41006
[    16.007] (II) modeset(0): Printing DDC gathered Modelines:
[    16.007] (II) modeset(0): Modeline "2880x1800"x0.0  337.75  2880 2928 2960 3040  1800 1803 1809 1852 +hsync -vsync (111.1 kHz eP)
[  2255.269] (II) modeset(0): EDID vendor "APP", prod id 41006
[  2255.269] (II) modeset(0): Printing DDC gathered Modelines:
[  2255.269] (II) modeset(0): Modeline "2880x1800"x0.0  337.75  2880 2928 2960 3040  1800 1803 1809 1852 +hsync -vsync (111.1 kHz eP)
[  2681.499] (EE) event7  - bcm5974: kernel bug: Touch jump detected and discarded.
See https://wayland.freedesktop.org/libinput/doc/1.12.6/touchpad-jumping-cursors.html for details
[  2951.677] (EE) event7  - bcm5974: kernel bug: Touch jump detected and discarded.
See https://wayland.freedesktop.org/libinput/doc/1.12.6/touchpad-jumping-cursors.html for details
[  3826.348] (II) modeset(0): EDID vendor "APP", prod id 41006
[  3826.348] (II) modeset(0): Printing DDC gathered Modelines:
[  3826.348] (II) modeset(0): Modeline "2880x1800"x0.0  337.75  2880 2928 2960 3040  1800 1803 1809 1852 +hsync -vsync (111.1 kHz eP)
